#
# A fatal error has been detected by the Java Runtime Environment:
#
#  EXCEPTION_ACCESS_VIOLATION (0xc0000005) at pc=0x68589219, pid=3800, tid=940
#
# JRE version: 7.0_17-b02
# Java VM: Java HotSpot(TM) Client VM (23.7-b01 mixed mode, sharing windows-x86 )
# Problematic frame:
# V  [jvm.dll+0xa9219]
#
# Failed to write core dump. Minidumps are not enabled by default on client versions of Windows
#
# If you would like to submit a bug report, please visit:
#   http://bugreport.sun.com/bugreport/crash.jsp
#

---------------  T H R E A D  ---------------

Current thread (0x01736400):  JavaThread "Finalizer" daemon [_thread_in_vm, id=940, stack(0x03ad0000,0x03b20000)]

siginfo: ExceptionCode=0xc0000005, reading address 0x00000000

Registers:
EAX=0x00000000, EBX=0x0174ad01, ECX=0x00000000, EDX=0x00000000
ESP=0x03b1ecec, EBP=0x03b1ecf8, ESI=0x01736400, EDI=0x0174adb0
EIP=0x68589219, EFLAGS=0x00010202

Top of Stack: (sp=0x03b1ecec)
0x03b1ecec:   03b1ed80 00000000 0174adb0 03b1ef68
0x03b1ecfc:   100042a8 01736528 0174adb0 00000000
0x03b1ed0c:   03b1ed20 03b1ed40 03b1f144 00000020
0x03b1ed1c:   10004220 684e3d23 01736400 f4695ca3
0x03b1ed2c:   00000000 03b1ed64 684e3d23 00000020
0x03b1ed3c:   1000420c 00000001 01736400 03b1efdc
0x03b1ed4c:   03b1ed3c 03b1ed60 03b1f424 f4695c97
0x03b1ed5c:   100041ee fffffffe 03b1ed78 685894ed 

Instructions: (pc=0x68589219)
0x685891f9:   b5 09 00 33 f6 eb 02 8b f1 6a 06 56 e8 a6 ab f5
0x68589209:   ff 8b 7d 0c 83 c4 08 b3 01 85 ff 74 3d 8b 45 10
0x68589219:   8b 00 50 32 db e8 4d 64 f7 ff 83 c4 04 85 c0 74
0x68589229:   29 8b 0f 8b 49 04 8b 50 10 83 c1 08 39 44 0a f8 


Register to memory mapping:

EAX=0x00000000 is an unknown value
EBX=0x0174ad01 is an unknown value
ECX=0x00000000 is an unknown value
EDX=0x00000000 is an unknown value
ESP=0x03b1ecec is pointing into the stack for thread: 0x01736400
EBP=0x03b1ecf8 is pointing into the stack for thread: 0x01736400
ESI=0x01736400 is a thread
EDI=0x0174adb0 is an unknown value


Stack: [0x03ad0000,0x03b20000],  sp=0x03b1ecec,  free space=315k
Native frames: (J=compiled Java code, j=interpreted, Vv=VM code, C=native code)
V  [jvm.dll+0xa9219]
C  [jna3535416121032888545.dll+0x42a8]  Java_com_sun_jna_Pointer__1getString+0x778
C  [jna3535416121032888545.dll+0x4cae]  Java_com_sun_jna_Function_invokeVoid+0x2e
j  com.sun.jna.Function.invokeVoid(I[Ljava/lang/Object;)V+0
J  com.sun.jna.Function.invoke([Ljava/lang/Object;Ljava/lang/Class;Z)Ljava/lang/Object;
j  org.gstreamer.Caps.disposeNativeHandle(Lcom/sun/jna/Pointer;)V+4
j  org.gstreamer.lowlevel.NativeObject.dispose()V+86
j  org.gstreamer.lowlevel.NativeObject.finalize()V+49
v  ~StubRoutines::call_stub
V  [jvm.dll+0x12a34a]
V  [jvm.dll+0x1d968e]
V  [jvm.dll+0x12a3cd]
V  [jvm.dll+0xaf07a]
V  [jvm.dll+0xb278f]
C  [java.dll+0x20f5]  Java_java_lang_ref_Finalizer_invokeFinalizeMethod+0x39
J  java.lang.ref.Finalizer.runFinalizer()V
v  ~StubRoutines::call_stub
V  [jvm.dll+0x12a34a]
V  [jvm.dll+0x1d968e]
V  [jvm.dll+0x12a533]
V  [jvm.dll+0x12a597]
V  [jvm.dll+0xd306f]
V  [jvm.dll+0x14a647]
V  [jvm.dll+0x14a7b0]
V  [jvm.dll+0x17ee89]
C  [msvcr100.dll+0x5c6de]  endthreadex+0x3a
C  [msvcr100.dll+0x5c788]  endthreadex+0xe4
C  [kernel32.dll+0x4ed6c]  BaseThreadInitThunk+0x12
C  [ntdll.dll+0x637eb]  RtlInitializeExceptionChain+0xef
C  [ntdll.dll+0x637be]  RtlInitializeExceptionChain+0xc2

Java frames: (J=compiled Java code, j=interpreted, Vv=VM code)
j  com.sun.jna.Function.invokeVoid(I[Ljava/lang/Object;)V+0
J  com.sun.jna.Function.invoke([Ljava/lang/Object;Ljava/lang/Class;Z)Ljava/lang/Object;
J  com.sun.jna.Function.invoke(Ljava/lang/Class;[Ljava/lang/Object;Ljava/util/Map;)Ljava/lang/Object;
J  com.sun.jna.Library$Handler.invoke(Ljava/lang/Object;Ljava/lang/reflect/Method;[Ljava/lang/Object;)Ljava/lang/Object;
j  com.sun.proxy.$Proxy19.gst_caps_unref(Lcom/sun/jna/Pointer;)V+16
j  org.gstreamer.Caps.disposeNativeHandle(Lcom/sun/jna/Pointer;)V+4
j  org.gstreamer.lowlevel.NativeObject.dispose()V+86
j  org.gstreamer.lowlevel.NativeObject.finalize()V+49
v  ~StubRoutines::call_stub
J  java.lang.ref.Finalizer.invokeFinalizeMethod(Ljava/lang/Object;)V
J  java.lang.ref.Finalizer.runFinalizer()V
J  java.lang.ref.Finalizer.access$100(Ljava/lang/ref/Finalizer;)V
j  java.lang.ref.Finalizer$FinalizerThread.run()V+11
v  ~StubRoutines::call_stub

---------------  P R O C E S S  ---------------

Java Threads: ( => current thread )
  0x03e62000 JavaThread "Thread-440" [_thread_in_vm, id=2584, stack(0x07a90000,0x07ae0000)]
  0x05a74400 JavaThread "Keep-Alive-Timer" daemon [_thread_blocked, id=2488, stack(0x08aa0000,0x08af0000)]
  0x0168a800 JavaThread "DestroyJavaVM" [_thread_blocked, id=3804, stack(0x015f0000,0x01640000)]
  0x05ad0c00 JavaThread "gstreamer service thread 1" daemon [_thread_blocked, id=2364, stack(0x07950000,0x079a0000)]
  0x03f9a400 JavaThread "Animation Thread" [_thread_blocked, id=476, stack(0x04760000,0x047b0000)]
  0x03f0dc00 JavaThread "AWT-EventQueue-0" [_thread_blocked, id=3244, stack(0x042c0000,0x04310000)]
  0x03f00000 JavaThread "AWT-Shutdown" [_thread_blocked, id=3028, stack(0x04120000,0x04170000)]
  0x03efd800 JavaThread "Java2D Disposer" daemon [_thread_blocked, id=2572, stack(0x03c60000,0x03cb0000)]
  0x0176ac00 JavaThread "Service Thread" daemon [_thread_blocked, id=2684, stack(0x03d90000,0x03de0000)]
  0x0174f800 JavaThread "C1 CompilerThread0" daemon [_thread_blocked, id=3308, stack(0x03d10000,0x03d60000)]
  0x0174e400 JavaThread "Attach Listener" daemon [_thread_blocked, id=1684, stack(0x03a80000,0x03ad0000)]
  0x0174b400 JavaThread "Signal Dispatcher" daemon [_thread_blocked, id=1620, stack(0x03bc0000,0x03c10000)]
=>0x01736400 JavaThread "Finalizer" daemon [_thread_in_vm, id=940, stack(0x03ad0000,0x03b20000)]
  0x01734c00 JavaThread "Reference Handler" daemon [_thread_blocked, id=2004, stack(0x03b50000,0x03ba0000)]

Other Threads:
  0x01733800 VMThread [stack: 0x039f0000,0x03a40000] [id=1788]
  0x01786800 WatcherThread [stack: 0x03de0000,0x03e30000] [id=2200]

VM state:not at safepoint (normal execution)

VM Mutex/Monitor currently owned by a thread: None

Heap
 def new generation   total 8128K, used 1297K [0x234d0000, 0x23da0000, 0x28a20000)
  eden space 7232K,  17% used [0x234d0000, 0x2360c250, 0x23be0000)
  from space 896K,   3% used [0x23cc0000, 0x23cc8208, 0x23da0000)
  to   space 896K,   0% used [0x23be0000, 0x23be0000, 0x23cc0000)
 tenured generation   total 17900K, used 12733K [0x28a20000, 0x29b9b000, 0x334d0000)
   the space 17900K,  71% used [0x28a20000, 0x2968f760, 0x2968f800, 0x29b9b000)
 compacting perm gen  total 12288K, used 4786K [0x334d0000, 0x340d0000, 0x374d0000)
   the space 12288K,  38% used [0x334d0000, 0x3397c940, 0x3397ca00, 0x340d0000)
    ro space 10240K,  42% used [0x374d0000, 0x37911d60, 0x37911e00, 0x37ed0000)
    rw space 12288K,  54% used [0x37ed0000, 0x38552928, 0x38552a00, 0x38ad0000)

Card table byte_map: [0x03810000,0x038c0000] byte_map_base: 0x036f5980

Polling page: 0x00120000

Code Cache  [0x01790000, 0x01978000, 0x03790000)
 total_blobs=1026 nmethods=773 adapters=187 free_code_cache=30846Kb largest_free_block=31585152

Compilation events (10 events):
Event: 83.346 Thread 0x0174f800  779             java.nio.ByteBuffer::arrayOffset (35 bytes)
Event: 83.347 Thread 0x0174f800 nmethod 779 0x0196ff48 code [0x01970060, 0x019701e8]
Event: 83.349 Thread 0x0174f800  780             java.io.PrintStream::ensureOpen (18 bytes)
Event: 83.350 Thread 0x0174f800 nmethod 780 0x019702c8 code [0x019703d0, 0x019704cc]
Event: 84.341 Thread 0x0174f800  781             java.awt.event.InputEvent::isConsumed (5 bytes)
Event: 84.342 Thread 0x0174f800 nmethod 781 0x01970548 code [0x01970640, 0x019706c0]
Event: 84.367 Thread 0x0174f800  782             sun.util.logging.LoggingSupport::isLoggable (14 bytes)
Event: 84.368 Thread 0x0174f800 nmethod 782 0x01970708 code [0x01970810, 0x01970930]
Event: 84.545 Thread 0x0174f800  783             sun.util.logging.PlatformLogger::isLoggable (9 bytes)
Event: 84.546 Thread 0x0174f800 nmethod 783 0x01970a88 code [0x01970b90, 0x01970c2c]

GC Heap History (10 events):
Event: 85.072 GC heap before
{Heap before GC invocations=92 (full 22):
 def new generation   total 8128K, used 6206K [0x234d0000, 0x23da0000, 0x28a20000)
  eden space 7232K,  84% used [0x234d0000, 0x23ac8978, 0x23be0000)
  from space 896K,  10% used [0x23be0000, 0x23bf71f0, 0x23cc0000)
  to   space 896K,   0% used [0x23cc0000, 0x23cc0000, 0x23da0000)
 tenured generation   total 17900K, used 17705K [0x28a20000, 0x29b9b000, 0x334d0000)
   the space 17900K,  98% used [0x28a20000, 0x29b6a4a8, 0x29b6a600, 0x29b9b000)
 compacting perm gen  total 12288K, used 4768K [0x334d0000, 0x340d0000, 0x374d0000)
   the space 12288K,  38% used [0x334d0000, 0x33978390, 0x33978400, 0x340d0000)
    ro space 10240K,  42% used [0x374d0000, 0x37911d60, 0x37911e00, 0x37ed0000)
    rw space 12288K,  54% used [0x37ed0000, 0x38552928, 0x38552a00, 0x38ad0000)
Event: 85.180 GC heap after
Heap after GC invocations=93 (full 23):
 def new generation   total 8128K, used 0K [0x234d0000, 0x23da0000, 0x28a20000)
  eden space 7232K,   0% used [0x234d0000, 0x234d0000, 0x23be0000)
  from space 896K,   0% used [0x23cc0000, 0x23cc0000, 0x23da0000)
  to   space 896K,   0% used [0x23be0000, 0x23be0000, 0x23cc0000)
 tenured generation   total 17900K, used 10375K [0x28a20000, 0x29b9b000, 0x334d0000)
   the space 17900K,  57% used [0x28a20000, 0x29441f08, 0x29442000, 0x29b9b000)
 compacting perm gen  total 12288K, used 4768K [0x334d0000, 0x340d0000, 0x374d0000)
   the space 12288K,  38% used [0x334d0000, 0x33978390, 0x33978400, 0x340d0000)
    ro space 10240K,  42% used [0x374d0000, 0x37911d60, 0x37911e00, 0x37ed0000)
    rw space 12288K,  54% used [0x37ed0000, 0x38552928, 0x38552a00, 0x38ad0000)
}
Event: 85.722 GC heap before
{Heap before GC invocations=93 (full 23):
 def new generation   total 8128K, used 6131K [0x234d0000, 0x23da0000, 0x28a20000)
  eden space 7232K,  84% used [0x234d0000, 0x23accd20, 0x23be0000)
  from space 896K,   0% used [0x23cc0000, 0x23cc0000, 0x23da0000)
  to   space 896K,   0% used [0x23be0000, 0x23be0000, 0x23cc0000)
 tenured generation   total 17900K, used 10375K [0x28a20000, 0x29b9b000, 0x334d0000)
   the space 17900K,  57% used [0x28a20000, 0x29441f08, 0x29442000, 0x29b9b000)
 compacting perm gen  total 12288K, used 4768K [0x334d0000, 0x340d0000, 0x374d0000)
   the space 12288K,  38% used [0x334d0000, 0x33978390, 0x33978400, 0x340d0000)
    ro space 10240K,  42% used [0x374d0000, 0x37911d60, 0x37911e00, 0x37ed0000)
    rw space 12288K,  54% used [0x37ed0000, 0x38552928, 0x38552a00, 0x38ad0000)
Event: 85.728 GC heap after
Heap after GC invocations=94 (full 23):
 def new generation   total 8128K, used 13K [0x234d0000, 0x23da0000, 0x28a20000)
  eden space 7232K,   0% used [0x234d0000, 0x234d0000, 0x23be0000)
  from space 896K,   1% used [0x23be0000, 0x23be3430, 0x23cc0000)
  to   space 896K,   0% used [0x23cc0000, 0x23cc0000, 0x23da0000)
 tenured generation   total 17900K, used 13975K [0x28a20000, 0x29b9b000, 0x334d0000)
   the space 17900K,  78% used [0x28a20000, 0x297c5f38, 0x297c6000, 0x29b9b000)
 compacting perm gen  total 12288K, used 4768K [0x334d0000, 0x340d0000, 0x374d0000)
   the space 12288K,  38% used [0x334d0000, 0x33978390, 0x33978400, 0x340d0000)
    ro space 10240K,  42% used [0x374d0000, 0x37911d60, 0x37911e00, 0x37ed0000)
    rw space 12288K,  54% used [0x37ed0000, 0x38552928, 0x38552a00, 0x38ad0000)
}
Event: 86.065 GC heap before
{Heap before GC invocations=94 (full 23):
 def new generation   total 8128K, used 6132K [0x234d0000, 0x23da0000, 0x28a20000)
  eden space 7232K,  84% used [0x234d0000, 0x23ac9c38, 0x23be0000)
  from space 896K,   1% used [0x23be0000, 0x23be3430, 0x23cc0000)
  to   space 896K,   0% used [0x23cc0000, 0x23cc0000, 0x23da0000)
 tenured generation   total 17900K, used 13975K [0x28a20000, 0x29b9b000, 0x334d0000)
   the space 17900K,  78% used [0x28a20000, 0x297c5f38, 0x297c6000, 0x29b9b000)
 compacting perm gen  total 12288K, used 4768K [0x334d0000, 0x340d0000, 0x374d0000)
   the space 12288K,  38% used [0x334d0000, 0x33978390, 0x33978400, 0x340d0000)
    ro space 10240K,  42% used [0x374d0000, 0x37911d60, 0x37911e00, 0x37ed0000)
    rw space 12288K,  54% used [0x37ed0000, 0x38552928, 0x38552a00, 0x38ad0000)
Event: 86.072 GC heap after
Heap after GC invocations=95 (full 23):
 def new generation   total 8128K, used 9K [0x234d0000, 0x23da0000, 0x28a20000)
  eden space 7232K,   0% used [0x234d0000, 0x234d0000, 0x23be0000)
  from space 896K,   1% used [0x23cc0000, 0x23cc2568, 0x23da0000)
  to   space 896K,   0% used [0x23be0000, 0x23be0000, 0x23cc0000)
 tenured generation   total 17900K, used 16375K [0x28a20000, 0x29b9b000, 0x334d0000)
   the space 17900K,  91% used [0x28a20000, 0x29a1df58, 0x29a1e000, 0x29b9b000)
 compacting perm gen  total 12288K, used 4768K [0x334d0000, 0x340d0000, 0x374d0000)
   the space 12288K,  38% used [0x334d0000, 0x33978390, 0x33978400, 0x340d0000)
    ro space 10240K,  42% used [0x374d0000, 0x37911d60, 0x37911e00, 0x37ed0000)
    rw space 12288K,  54% used [0x37ed0000, 0x38552928, 0x38552a00, 0x38ad0000)
}
Event: 86.668 GC heap before
{Heap before GC invocations=95 (full 23):
 def new generation   total 8128K, used 6183K [0x234d0000, 0x23da0000, 0x28a20000)
  eden space 7232K,  85% used [0x234d0000, 0x23ad7738, 0x23be0000)
  from space 896K,   1% used [0x23cc0000, 0x23cc2568, 0x23da0000)
  to   space 896K,   0% used [0x23be0000, 0x23be0000, 0x23cc0000)
 tenured generation   total 17900K, used 16375K [0x28a20000, 0x29b9b000, 0x334d0000)
   the space 17900K,  91% used [0x28a20000, 0x29a1df58, 0x29a1e000, 0x29b9b000)
 compacting perm gen  total 12288K, used 4768K [0x334d0000, 0x340d0000, 0x374d0000)
   the space 12288K,  38% used [0x334d0000, 0x33978390, 0x33978400, 0x340d0000)
    ro space 10240K,  42% used [0x374d0000, 0x37911d60, 0x37911e00, 0x37ed0000)
    rw space 12288K,  54% used [0x37ed0000, 0x38552928, 0x38552a00, 0x38ad0000)
Event: 86.796 GC heap after
Heap after GC invocations=96 (full 24):
 def new generation   total 8128K, used 0K [0x234d0000, 0x23da0000, 0x28a20000)
  eden space 7232K,   0% used [0x234d0000, 0x234d0000, 0x23be0000)
  from space 896K,   0% used [0x23be0000, 0x23be0000, 0x23cc0000)
  to   space 896K,   0% used [0x23cc0000, 0x23cc0000, 0x23da0000)
 tenured generation   total 17900K, used 10333K [0x28a20000, 0x29b9b000, 0x334d0000)
   the space 17900K,  57% used [0x28a20000, 0x29437740, 0x29437800, 0x29b9b000)
 compacting perm gen  total 12288K, used 4768K [0x334d0000, 0x340d0000, 0x374d0000)
   the space 12288K,  38% used [0x334d0000, 0x339782b0, 0x33978400, 0x340d0000)
    ro space 10240K,  42% used [0x374d0000, 0x37911d60, 0x37911e00, 0x37ed0000)
    rw space 12288K,  54% used [0x37ed0000, 0x38552928, 0x38552a00, 0x38ad0000)
}
Event: 87.174 GC heap before
{Heap before GC invocations=96 (full 24):
 def new generation   total 8128K, used 6388K [0x234d0000, 0x23da0000, 0x28a20000)
  eden space 7232K,  88% used [0x234d0000, 0x23b0d1e8, 0x23be0000)
  from space 896K,   0% used [0x23be0000, 0x23be0000, 0x23cc0000)
  to   space 896K,   0% used [0x23cc0000, 0x23cc0000, 0x23da0000)
 tenured generation   total 17900K, used 10333K [0x28a20000, 0x29b9b000, 0x334d0000)
   the space 17900K,  57% used [0x28a20000, 0x29437740, 0x29437800, 0x29b9b000)
 compacting perm gen  total 12288K, used 4786K [0x334d0000, 0x340d0000, 0x374d0000)
   the space 12288K,  38% used [0x334d0000, 0x3397c940, 0x3397ca00, 0x340d0000)
    ro space 10240K,  42% used [0x374d0000, 0x37911d60, 0x37911e00, 0x37ed0000)
    rw space 12288K,  54% used [0x37ed0000, 0x38552928, 0x38552a00, 0x38ad0000)
Event: 87.181 GC heap after
Heap after GC invocations=97 (full 24):
 def new generation   total 8128K, used 32K [0x234d0000, 0x23da0000, 0x28a20000)
  eden space 7232K,   0% used [0x234d0000, 0x234d0000, 0x23be0000)
  from space 896K,   3% used [0x23cc0000, 0x23cc8208, 0x23da0000)
  to   space 896K,   0% used [0x23be0000, 0x23be0000, 0x23cc0000)
 tenured generation   total 17900K, used 12733K [0x28a20000, 0x29b9b000, 0x334d0000)
   the space 17900K,  71% used [0x28a20000, 0x2968f760, 0x2968f800, 0x29b9b000)
 compacting perm gen  total 12288K, used 4786K [0x334d0000, 0x340d0000, 0x374d0000)
   the space 12288K,  38% used [0x334d0000, 0x3397c940, 0x3397ca00, 0x340d0000)
    ro space 10240K,  42% used [0x374d0000, 0x37911d60, 0x37911e00, 0x37ed0000)
    rw space 12288K,  54% used [0x37ed0000, 0x38552928, 0x38552a00, 0x38ad0000)
}

Deoptimization events (0 events):
No events

Internal exceptions (10 events):
Event: 18.495 Thread 0x03f9a400 Threw 0x23906168 at C:\jdk7u2_32P\jdk7u17\hotspot\src\share\vm\prims\jvm.cpp:1166
Event: 18.497 Thread 0x03f9a400 Threw 0x23909c88 at C:\jdk7u2_32P\jdk7u17\hotspot\src\share\vm\prims\jvm.cpp:1166
Event: 18.537 Thread 0x03f9a400 Threw 0x239288c8 at C:\jdk7u2_32P\jdk7u17\hotspot\src\share\vm\prims\jvm.cpp:1166
Event: 18.538 Thread 0x03f9a400 Threw 0x2392a1b0 at C:\jdk7u2_32P\jdk7u17\hotspot\src\share\vm\prims\jvm.cpp:1166
Event: 18.539 Thread 0x03f9a400 Threw 0x239309e8 at C:\jdk7u2_32P\jdk7u17\hotspot\src\share\vm\prims\jvm.cpp:1166
Event: 18.540 Thread 0x03f9a400 Threw 0x239323c8 at C:\jdk7u2_32P\jdk7u17\hotspot\src\share\vm\prims\jvm.cpp:1166
Event: 18.541 Thread 0x03f9a400 Threw 0x239349d8 at C:\jdk7u2_32P\jdk7u17\hotspot\src\share\vm\prims\jvm.cpp:1166
Event: 18.541 Thread 0x03f9a400 Threw 0x23936340 at C:\jdk7u2_32P\jdk7u17\hotspot\src\share\vm\prims\jvm.cpp:1166
Event: 40.438 Thread 0x03f9a400 Threw 0x2364d9e8 at C:\jdk7u2_32P\jdk7u17\hotspot\src\share\vm\prims\jni.cpp:716
Event: 83.188 Thread 0x03f9a400 Threw 0x236149a0 at C:\jdk7u2_32P\jdk7u17\hotspot\src\share\vm\prims\jni.cpp:716

Events (10 events):
Event: 87.097 loading class 0x38af1a30 done
Event: 87.099 loading class 0x38b04e68
Event: 87.100 loading class 0x38b04e68 done
Event: 87.101 loading class 0x05b15198
Event: 87.101 loading class 0x05b15198 done
Event: 87.143 loading class 0x05b151c8
Event: 87.143 loading class 0x05b151c8 done
Event: 87.144 Thread 0x05a75000 Thread exited: 0x05a75000
Event: 87.173 Executing VM operation: GenCollectForAllocation
Event: 87.181 Executing VM operation: GenCollectForAllocation done


Dynamic libraries:
0x00170000 - 0x0019f000 	C:\Program Files\Java\jre7\bin\javaw.exe
0x76fb0000 - 0x770ec000 	C:\Windows\SYSTEM32\ntdll.dll
0x76200000 - 0x762d4000 	C:\Windows\system32\kernel32.dll
0x751d0000 - 0x7521b000 	C:\Windows\system32\KERNELBASE.dll
0x76600000 - 0x766a0000 	C:\Windows\system32\ADVAPI32.dll
0x75fb0000 - 0x7605c000 	C:\Windows\system32\msvcrt.dll
0x766e0000 - 0x766f9000 	C:\Windows\SYSTEM32\sechost.dll
0x77130000 - 0x771d2000 	C:\Windows\system32\RPCRT4.dll
0x76130000 - 0x761f9000 	C:\Windows\system32\USER32.dll
0x76700000 - 0x7674e000 	C:\Windows\system32\GDI32.dll
0x77120000 - 0x7712a000 	C:\Windows\system32\LPK.dll
0x76a60000 - 0x76afd000 	C:\Windows\system32\USP10.dll
0x73de0000 - 0x73f7e000 	C:\Windows\WinSxS\x86_microsoft.windows.common-controls_6595b64144ccf1df_6.0.7601.17514_none_41e6975e2bd6f2b2\COMCTL32.dll
0x762e0000 - 0x76337000 	C:\Windows\system32\SHLWAPI.dll
0x770f0000 - 0x7710f000 	C:\Windows\system32\IMM32.DLL
0x76060000 - 0x7612c000 	C:\Windows\system32\MSCTF.dll
0x67d70000 - 0x67e2e000 	C:\Program Files\Java\jre7\bin\msvcr100.dll
0x684e0000 - 0x6882c000 	C:\Program Files\Java\jre7\bin\client\jvm.dll
0x72fa0000 - 0x72fa7000 	C:\Windows\system32\WSOCK32.dll
0x766a0000 - 0x766d5000 	C:\Windows\system32\WS2_32.dll
0x75fa0000 - 0x75fa6000 	C:\Windows\system32\NSI.dll
0x735a0000 - 0x735d2000 	C:\Windows\system32\WINMM.dll
0x77110000 - 0x77115000 	C:\Windows\system32\PSAPI.DLL
0x68ab0000 - 0x68abc000 	C:\Program Files\Java\jre7\bin\verify.dll
0x68a90000 - 0x68ab0000 	C:\Program Files\Java\jre7\bin\java.dll
0x68a70000 - 0x68a83000 	C:\Program Files\Java\jre7\bin\zip.dll
0x62030000 - 0x62172000 	C:\Program Files\Java\jre7\bin\awt.dll
0x76570000 - 0x765ff000 	C:\Windows\system32\OLEAUT32.dll
0x76880000 - 0x769dc000 	C:\Windows\system32\ole32.dll
0x738a0000 - 0x738b3000 	C:\Windows\system32\DWMAPI.DLL
0x73b90000 - 0x73bd0000 	C:\Windows\system32\uxtheme.dll
0x74f70000 - 0x74f7c000 	C:\Windows\system32\CRYPTBASE.dll
0x72f30000 - 0x72f5a000 	C:\Program Files\Java\jre7\bin\fontmanager.dll
0x74aa0000 - 0x74ab6000 	C:\Windows\system32\CRYPTSP.dll
0x74840000 - 0x7487b000 	C:\Windows\system32\rsaenh.dll
0x74650000 - 0x74667000 	C:\Windows\system32\USERENV.dll
0x74ff0000 - 0x74ffb000 	C:\Windows\system32\profapi.dll
0x68a50000 - 0x68a64000 	C:\Program Files\Java\jre7\bin\net.dll
0x74a60000 - 0x74a9c000 	C:\Windows\system32\mswsock.dll
0x74a50000 - 0x74a56000 	C:\Windows\System32\wship6.dll
0x73680000 - 0x73690000 	C:\Windows\system32\NLAapi.dll
0x6f850000 - 0x6f860000 	C:\Windows\system32\napinsp.dll
0x6f710000 - 0x6f722000 	C:\Windows\system32\pnrpnsp.dll
0x6f670000 - 0x6f67d000 	C:\Windows\system32\wshbth.dll
0x74920000 - 0x74964000 	C:\Windows\system32\DNSAPI.dll
0x6f660000 - 0x6f668000 	C:\Windows\System32\winrnr.dll
0x74580000 - 0x74585000 	C:\Windows\System32\wshtcpip.dll
0x72ef0000 - 0x72f0c000 	C:\Windows\system32\IPHLPAPI.DLL
0x72ee0000 - 0x72ee7000 	C:\Windows\system32\WINNSI.DLL
0x700d0000 - 0x700d6000 	C:\Windows\system32\rasadhlp.dll
0x72b20000 - 0x72b58000 	C:\Windows\System32\fwpuclnt.dll
0x68a40000 - 0x68a4e000 	C:\Program Files\Java\jre7\bin\nio.dll
0x10000000 - 0x10055000 	C:\Users\katie\AppData\Local\Temp\jna3535416121032888545.dll
0x6d580000 - 0x6d677000 	C:\Users\katie\tiles\eclipse\processingLibs\libs\video\windows32\libgio-2.0-0.dll
0x05780000 - 0x058a6000 	C:\Users\katie\tiles\eclipse\processingLibs\libs\video\windows32\libglib-2.0-0.dll
0x75350000 - 0x75f9a000 	C:\Windows\system32\SHELL32.DLL
0x61cc0000 - 0x61ce3000 	C:\Users\katie\tiles\eclipse\processingLibs\libs\video\windows32\libintl-8.dll
0x66000000 - 0x660f2000 	C:\Users\katie\tiles\eclipse\processingLibs\libs\video\windows32\libiconv-2.dll
0x6dd00000 - 0x6dd0d000 	C:\Users\katie\tiles\eclipse\processingLibs\libs\video\windows32\libgmodule-2.0-0.dll
0x63a40000 - 0x63a84000 	C:\Users\katie\tiles\eclipse\processingLibs\libs\video\windows32\libgobject-2.0-0.dll
0x65c40000 - 0x65c4e000 	C:\Users\katie\tiles\eclipse\processingLibs\libs\video\windows32\libgthread-2.0-0.dll
0x62e80000 - 0x62e9e000 	C:\Users\katie\tiles\eclipse\processingLibs\libs\video\windows32\zlib1.dll
0x6da40000 - 0x6da53000 	C:\Users\katie\tiles\eclipse\processingLibs\libs\video\windows32\libgstapp-0.10-0.dll
0x6cac0000 - 0x6cb22000 	C:\Users\katie\tiles\eclipse\processingLibs\libs\video\windows32\libgstbase-0.10-0.dll
0x6b6c0000 - 0x6b793000 	C:\Users\katie\tiles\eclipse\processingLibs\libs\video\windows32\libgstreamer-0.10-0.dll
0x70f40000 - 0x710a0000 	C:\Users\katie\tiles\eclipse\processingLibs\libs\video\windows32\libxml2-2.dll
0x70680000 - 0x706ab000 	C:\Users\katie\tiles\eclipse\processingLibs\libs\video\windows32\libgstaudio-0.10-0.dll
0x64240000 - 0x64257000 	C:\Users\katie\tiles\eclipse\processingLibs\libs\video\windows32\libgstinterfaces-0.10-0.dll
0x6f540000 - 0x6f556000 	C:\Users\katie\tiles\eclipse\processingLibs\libs\video\windows32\libgstbasevideo-0.10-0.dll
0x62ac0000 - 0x62ad4000 	C:\Users\katie\tiles\eclipse\processingLibs\libs\video\windows32\libgstvideo-0.10-0.dll
0x6b7c0000 - 0x6b7d2000 	C:\Users\katie\tiles\eclipse\processingLibs\libs\video\windows32\libgstcdda-0.10-0.dll
0x637c0000 - 0x637f1000 	C:\Users\katie\tiles\eclipse\processingLibs\libs\video\windows32\libgsttag-0.10-0.dll
0x625c0000 - 0x625ec000 	C:\Users\katie\tiles\eclipse\processingLibs\libs\video\windows32\libgstcontroller-0.10-0.dll
0x00410000 - 0x0041e000 	C:\Users\katie\tiles\eclipse\processingLibs\libs\video\windows32\libgstdataprotocol-0.10-0.dll
0x6d300000 - 0x6d315000 	C:\Users\katie\tiles\eclipse\processingLibs\libs\video\windows32\libgstfft-0.10-0.dll
0x6b880000 - 0x6b88f000 	C:\Users\katie\tiles\eclipse\processingLibs\libs\video\windows32\libgstnet-0.10-0.dll
0x6a200000 - 0x6a20b000 	C:\Users\katie\tiles\eclipse\processingLibs\libs\video\windows32\libgstnetbuffer-0.10-0.dll
0x69f00000 - 0x69f25000 	C:\Users\katie\tiles\eclipse\processingLibs\libs\video\windows32\libgstpbutils-0.10-0.dll
0x70ac0000 - 0x70acd000 	C:\Users\katie\tiles\eclipse\processingLibs\libs\video\windows32\libgstphotography-0.10-0.dll
0x70140000 - 0x70155000 	C:\Users\katie\tiles\eclipse\processingLibs\libs\video\windows32\libgstriff-0.10-0.dll
0x00420000 - 0x0043d000 	C:\Users\katie\tiles\eclipse\processingLibs\libs\video\windows32\libgstrtp-0.10-0.dll
0x69740000 - 0x6975c000 	C:\Users\katie\tiles\eclipse\processingLibs\libs\video\windows32\libgstrtsp-0.10-0.dll
0x628c0000 - 0x628cf000 	C:\Users\katie\tiles\eclipse\processingLibs\libs\video\windows32\libgstsdp-0.10-0.dll
0x64a40000 - 0x64a4e000 	C:\Users\katie\tiles\eclipse\processingLibs\libs\video\windows32\libgstsignalprocessor-0.10-0.dll
0x6b800000 - 0x6b844000 	C:\Users\katie\tiles\eclipse\processingLibs\libs\video\windows32\libjpeg-8.dll
0x00480000 - 0x0048e000 	C:\Users\katie\tiles\eclipse\processingLibs\libs\video\windows32\libogg-0.dll
0x65680000 - 0x65710000 	C:\Users\katie\tiles\eclipse\processingLibs\libs\video\windows32\liborc-0.4-0.dll
0x69d80000 - 0x69d8f000 	C:\Users\katie\tiles\eclipse\processingLibs\libs\video\windows32\liborc-test-0.4-0.dll
0x61a00000 - 0x61a36000 	C:\Users\katie\tiles\eclipse\processingLibs\libs\video\windows32\libpng14-14.dll
0x6d380000 - 0x6d3d5000 	C:\Users\katie\tiles\eclipse\processingLibs\libs\video\windows32\libtheora-0.dll
0x65b40000 - 0x65b60000 	C:\Users\katie\tiles\eclipse\processingLibs\libs\video\windows32\libtheoradec-1.dll
0x63100000 - 0x63147000 	C:\Users\katie\tiles\eclipse\processingLibs\libs\video\windows32\libtheoraenc-1.dll
0x6d540000 - 0x6d570000 	C:\Users\katie\tiles\eclipse\processingLibs\libs\video\windows32\libvorbis-0.dll
0x058b0000 - 0x05a2c000 	C:\Users\katie\tiles\eclipse\processingLibs\libs\video\windows32\libvorbisenc-2.dll
0x6b3c0000 - 0x6b3d1000 	C:\Users\katie\tiles\eclipse\processingLibs\libs\video\windows32\libvorbisfile-3.dll
0x74f00000 - 0x74f1b000 	C:\Windows\system32\SspiCli.dll
0x67b80000 - 0x67b91000 	C:\Users\katie\tiles\eclipse\processingLibs\libs\video\windows32\plugins\libgstadder.dll
0x71100000 - 0x7110c000 	C:\Users\katie\tiles\eclipse\processingLibs\libs\video\windows32\plugins\libgstadpcmdec.dll
0x6a1c0000 - 0x6a1cc000 	C:\Users\katie\tiles\eclipse\processingLibs\libs\video\windows32\plugins\libgstadpcmenc.dll
0x70c00000 - 0x70c14000 	C:\Users\katie\tiles\eclipse\processingLibs\libs\video\windows32\plugins\libgstaiff.dll
0x61940000 - 0x6194d000 	C:\Users\katie\tiles\eclipse\processingLibs\libs\video\windows32\plugins\libgstalaw.dll
0x70480000 - 0x70497000 	C:\Users\katie\tiles\eclipse\processingLibs\libs\video\windows32\plugins\libgstalpha.dll
0x6c200000 - 0x6c20d000 	C:\Users\katie\tiles\eclipse\processingLibs\libs\video\windows32\plugins\libgstalphacolor.dll
0x682c0000 - 0x682d5000 	C:\Users\katie\tiles\eclipse\processingLibs\libs\video\windows32\plugins\libgstannodex.dll
0x64ec0000 - 0x64ecc000 	C:\Users\katie\tiles\eclipse\processingLibs\libs\video\windows32\plugins\libgstapetag.dll
0x6ab80000 - 0x6ab8b000 	C:\Users\katie\tiles\eclipse\processingLibs\libs\video\windows32\plugins\libgstapp.dll
0x6b8c0000 - 0x6b8dd000 	C:\Users\katie\tiles\eclipse\processingLibs\libs\video\windows32\plugins\libgstasfmux.dll
0x6c140000 - 0x6c160000 	C:\Users\katie\tiles\eclipse\processingLibs\libs\video\windows32\plugins\libgstaudioconvert.dll
0x69e40000 - 0x69e65000 	C:\Users\katie\tiles\eclipse\processingLibs\libs\video\windows32\plugins\libgstaudiofx.dll
0x67440000 - 0x6745c000 	C:\Users\katie\tiles\eclipse\processingLibs\libs\video\windows32\plugins\libgstaudioparsers.dll
0x66e40000 - 0x66e4e000 	C:\Users\katie\tiles\eclipse\processingLibs\libs\video\windows32\plugins\libgstaudiorate.dll
0x6cf00000 - 0x6cf19000 	C:\Users\katie\tiles\eclipse\processingLibs\libs\video\windows32\plugins\libgstaudioresample.dll
0x62b80000 - 0x62b90000 	C:\Users\katie\tiles\eclipse\processingLibs\libs\video\windows32\plugins\libgstaudiotestsrc.dll
0x63c80000 - 0x63c8d000 	C:\Users\katie\tiles\eclipse\processingLibs\libs\video\windows32\plugins\libgstauparse.dll
0x6ba80000 - 0x6ba91000 	C:\Users\katie\tiles\eclipse\processingLibs\libs\video\windows32\plugins\libgstautoconvert.dll
0x63f80000 - 0x63f90000 	C:\Users\katie\tiles\eclipse\processingLibs\libs\video\windows32\plugins\libgstautodetect.dll
0x62700000 - 0x62731000 	C:\Users\katie\tiles\eclipse\processingLibs\libs\video\windows32\plugins\libgstavi.dll
0x6e8c0000 - 0x6e8ce000 	C:\Users\katie\tiles\eclipse\processingLibs\libs\video\windows32\plugins\libgstbayer.dll
0x67f40000 - 0x67f69000 	C:\Users\katie\tiles\eclipse\processingLibs\libs\video\windows32\plugins\libgstcamerabin.dll
0x65040000 - 0x6504f000 	C:\Users\katie\tiles\eclipse\processingLibs\libs\video\windows32\plugins\libgstcdxaparse.dll
0x67fc0000 - 0x67ffa000 	C:\Users\katie\tiles\eclipse\processingLibs\libs\video\windows32\plugins\libgstcog.dll
0x645c0000 - 0x645d0000 	C:\Users\katie\tiles\eclipse\processingLibs\libs\video\windows32\plugins\libgstcoloreffects.dll
0x63540000 - 0x63575000 	C:\Users\katie\tiles\eclipse\processingLibs\libs\video\windows32\plugins\libgstcolorspace.dll
0x6e080000 - 0x6e0cf000 	C:\Users\katie\tiles\eclipse\processingLibs\libs\video\windows32\plugins\libgstcoreelements.dll
0x62900000 - 0x6290b000 	C:\Users\katie\tiles\eclipse\processingLibs\libs\video\windows32\plugins\libgstcoreindexers.dll
0x66600000 - 0x6660e000 	C:\Users\katie\tiles\eclipse\processingLibs\libs\video\windows32\plugins\libgstcutter.dll
0x03b40000 - 0x03b4c000 	C:\Users\katie\tiles\eclipse\processingLibs\libs\video\windows32\plugins\libgstdataurisrc.dll
0x6ffc0000 - 0x6ffd4000 	C:\Users\katie\tiles\eclipse\processingLibs\libs\video\windows32\plugins\libgstdebug.dll

VM Arguments:
jvm_args: -Dfile.encoding=Cp1252 
java_command: labelsANDgraph
Launcher Type: SUN_STANDARD

Environment Variables:
CLASSPATH=.;C:\Program Files\Java\jre7\lib\ext\QTJava.zip
PATH=C:/Program Files/Java/jre7/bin/client;C:/Program Files/Java/jre7/bin;C:/Program Files/Java/jre7/lib/i386;C:\Windows\system32;C:\Windows;C:\Windows\System32\Wbem;C:\Windows\System32\WindowsPowerShell\v1.0\;C:\Program Files\QuickTime\QTSystem\;C:\ant\bin;;C:\eclipse;
USERNAME=katie
OS=Windows_NT
PROCESSOR_IDENTIFIER=x86 Family 6 Model 28 Stepping 2, GenuineIntel



---------------  S Y S T E M  ---------------

OS: Windows 7 Build 7601 Service Pack 1

CPU:total 2 (1 cores per cpu, 2 threads per core) family 6 model 28 stepping 2, cmov, cx8, fxsr, mmx, sse, sse2, sse3, ssse3, ht, tsc

Memory: 4k page, physical 2088184k(995588k free), swap 4176368k(2888600k free)

vm_info: Java HotSpot(TM) Client VM (23.7-b01) for windows-x86 JRE (1.7.0_17-b02), built on Mar  1 2013 05:04:36 by "java_re" with unknown MS VC++:1600

time: Sun Sep 08 18:24:48 2013
elapsed time: 87 seconds

